#
# There is insufficient memory for the Java Runtime Environment to continue.
# Native memory allocation (mmap) failed to map 65536 bytes for Failed to commit metaspace.
# Possible reasons:
#   The system is out of physical RAM or swap space
#   The process is running with CompressedOops enabled, and the Java Heap may be blocking the growth of the native heap
# Possible solutions:
#   Reduce memory load on the system
#   Increase physical memory or swap space
#   Check if swap backing store is full
#   Decrease Java heap size (-Xmx/-Xms)
#   Decrease number of Java threads
#   Decrease Java thread stack sizes (-Xss)
#   Set larger code cache with -XX:ReservedCodeCacheSize=
#   JVM is running with Zero Based Compressed Oops mode in which the Java heap is
#     placed in the first 32GB address space. The Java Heap base address is the
#     maximum limit for the native heap growth. Please use -XX:HeapBaseMinAddress
#     to set the Java Heap base and to place the Java Heap above 32GB virtual address.
# This output file may be truncated or incomplete.
#
#  Out of Memory Error (virtualSpaceNode.cpp:110), pid=15832, tid=8600
#
# JRE version: Java(TM) SE Runtime Environment (19.0.2+7) (build 19.0.2+7-44)
# Java VM: Java HotSpot(TM) 64-Bit Server VM (19.0.2+7-44, mixed mode, sharing, tiered, compressed oops, compressed class ptrs, g1 gc, windows-amd64)
# No core dump will be written. Minidumps are not enabled by default on client versions of Windows
#

---------------  S U M M A R Y ------------

Command Line: -agentlib:jdwp=transport=dt_socket,address=127.0.0.1:58577,suspend=y,server=n -javaagent:C:\Users\Hamzic\AppData\Local\JetBrains\IdeaIC2023.1\captureAgent\debugger-agent.jar=file:/C:/Users/Hamzic/AppData/Local/Temp/capture.props -Dfile.encoding=UTF-8 -Dsun.stdout.encoding=UTF-8 -Dsun.stderr.encoding=UTF-8 com.cloudkeep.CloudKeep.CloudKeepApplication

Host: AMD Ryzen 3 3200G with Radeon Vega Graphics    , 4 cores, 13G,  Windows 11 , 64 bit Build 23451 (10.0.23451.1000)
Time: Mon May  8 23:40:15 2023 Central Europe Daylight Time elapsed time: 63.388526 seconds (0d 0h 1m 3s)

---------------  T H R E A D  ---------------

Current thread (0x000001f4e0c483e0):  JavaThread "C1 CompilerThread0" daemon [_thread_in_vm, id=8600, stack(0x0000004a87400000,0x0000004a87500000)]


Current CompileTask:
C1:  63388 6248       3       java.util.concurrent.ScheduledThreadPoolExecutor$ScheduledFutureTask::compareTo (9 bytes)

Stack: [0x0000004a87400000,0x0000004a87500000]
Native frames: (J=compiled Java code, j=interpreted, Vv=VM code, C=native code)
V  [jvm.dll+0x6ee21a]
V  [jvm.dll+0x85765e]
V  [jvm.dll+0x85904e]
V  [jvm.dll+0x859703]
V  [jvm.dll+0x28298f]
V  [jvm.dll+0x8532db]
V  [jvm.dll+0x692cb6]
V  [jvm.dll+0x1f2937]
V  [jvm.dll+0x6956f2]
V  [jvm.dll+0x6954de]
V  [jvm.dll+0x6936de]
V  [jvm.dll+0x6a4f0a]
V  [jvm.dll+0x69df0a]
V  [jvm.dll+0x2002b0]
V  [jvm.dll+0x200498]
V  [jvm.dll+0x173571]
V  [jvm.dll+0x1733b5]
V  [jvm.dll+0x16ade5]
V  [jvm.dll+0x16d067]
V  [jvm.dll+0x16b675]
V  [jvm.dll+0x165590]
V  [jvm.dll+0x174ff6]
V  [jvm.dll+0x160bb0]
V  [jvm.dll+0x160f23]
V  [jvm.dll+0x161208]
V  [jvm.dll+0x160666]
V  [jvm.dll+0x16235d]
V  [jvm.dll+0x25b25a]
V  [jvm.dll+0x2596e8]
V  [jvm.dll+0x807588]
V  [jvm.dll+0x80125a]
V  [jvm.dll+0x6ecf0b]
C  [ucrtbase.dll+0x29363]
C  [KERNEL32.DLL+0x1269d]
C  [ntdll.dll+0x5a9f8]


---------------  P R O C E S S  ---------------

Threads class SMR info:
_java_thread_list=0x000001f4e35b37b0, length=31, elements={
0x000001f4dc6dd700, 0x000001f4dc6de230, 0x000001f4dc6e2180, 0x000001f4dc6e6e50,
0x000001f4dc6e9790, 0x000001f4dc6ea0c0, 0x000001f4dc6ead20, 0x000001f4e0c483e0,
0x000001f4dc70e3d0, 0x000001f4e0c8ab60, 0x000001f4e0edf290, 0x000001f4e0e4b030,
0x000001f4e0e4b580, 0x000001f4e0e157a0, 0x000001f4e29bb490, 0x000001f4e4782040,
0x000001f4e47815a0, 0x000001f4e4780060, 0x000001f4e4780b00, 0x000001f4e47805b0,
0x000001f4e4782590, 0x000001f4e4781af0, 0x000001f4e4783030, 0x000001f4e4781050,
0x000001f4e4783580, 0x000001f4e4782ae0, 0x000001f4e8b9a130, 0x000001f4e8b98150,
0x000001f4e8b956d0, 0x000001f4e8b94190, 0x000001f4e8b966c0
}

Java Threads: ( => current thread )
  0x000001f4dc6dd700 JavaThread "Reference Handler" daemon [_thread_blocked, id=13992, stack(0x0000004a86d00000,0x0000004a86e00000)]
  0x000001f4dc6de230 JavaThread "Finalizer" daemon [_thread_blocked, id=13136, stack(0x0000004a86e00000,0x0000004a86f00000)]
  0x000001f4dc6e2180 JavaThread "Signal Dispatcher" daemon [_thread_blocked, id=10276, stack(0x0000004a86f00000,0x0000004a87000000)]
  0x000001f4dc6e6e50 JavaThread "Attach Listener" daemon [_thread_blocked, id=10768, stack(0x0000004a87000000,0x0000004a87100000)]
  0x000001f4dc6e9790 JavaThread "Service Thread" daemon [_thread_blocked, id=5648, stack(0x0000004a87100000,0x0000004a87200000)]
  0x000001f4dc6ea0c0 JavaThread "Monitor Deflation Thread" daemon [_thread_blocked, id=9396, stack(0x0000004a87200000,0x0000004a87300000)]
  0x000001f4dc6ead20 JavaThread "C2 CompilerThread0" daemon [_thread_blocked, id=11488, stack(0x0000004a87300000,0x0000004a87400000)]
=>0x000001f4e0c483e0 JavaThread "C1 CompilerThread0" daemon [_thread_in_vm, id=8600, stack(0x0000004a87400000,0x0000004a87500000)]
  0x000001f4dc70e3d0 JavaThread "Sweeper thread" daemon [_thread_blocked, id=12936, stack(0x0000004a87500000,0x0000004a87600000)]
  0x000001f4e0c8ab60 JavaThread "Common-Cleaner" daemon [_thread_blocked, id=10084, stack(0x0000004a87600000,0x0000004a87700000)]
  0x000001f4e0edf290 JavaThread "JDWP Transport Listener: dt_socket" daemon [_thread_blocked, id=4912, stack(0x0000004a87700000,0x0000004a87800000)]
  0x000001f4e0e4b030 JavaThread "JDWP Event Helper Thread" daemon [_thread_blocked, id=6092, stack(0x0000004a87800000,0x0000004a87900000)]
  0x000001f4e0e4b580 JavaThread "JDWP Command Reader" daemon [_thread_in_native, id=5328, stack(0x0000004a87900000,0x0000004a87a00000)]
  0x000001f4e0e157a0 JavaThread "Notification Thread" daemon [_thread_blocked, id=8788, stack(0x0000004a87a00000,0x0000004a87b00000)]
  0x000001f4e29bb490 JavaThread "HikariPool-1 housekeeper" daemon [_thread_blocked, id=6600, stack(0x0000004a88100000,0x0000004a88200000)]
  0x000001f4e4782040 JavaThread "Catalina-utility-1" [_thread_blocked, id=18644, stack(0x0000004a88200000,0x0000004a88300000)]
  0x000001f4e47815a0 JavaThread "Catalina-utility-2" [_thread_blocked, id=18308, stack(0x0000004a88300000,0x0000004a88400000)]
  0x000001f4e4780060 JavaThread "container-0" [_thread_blocked, id=1040, stack(0x0000004a88400000,0x0000004a88500000)]
  0x000001f4e4780b00 JavaThread "http-nio-8080-exec-1" daemon [_thread_blocked, id=14140, stack(0x0000004a88500000,0x0000004a88600000)]
  0x000001f4e47805b0 JavaThread "http-nio-8080-exec-2" daemon [_thread_blocked, id=17676, stack(0x0000004a88600000,0x0000004a88700000)]
  0x000001f4e4782590 JavaThread "http-nio-8080-exec-3" daemon [_thread_blocked, id=5040, stack(0x0000004a88700000,0x0000004a88800000)]
  0x000001f4e4781af0 JavaThread "http-nio-8080-exec-4" daemon [_thread_blocked, id=17316, stack(0x0000004a88800000,0x0000004a88900000)]
  0x000001f4e4783030 JavaThread "http-nio-8080-exec-5" daemon [_thread_blocked, id=4336, stack(0x0000004a88900000,0x0000004a88a00000)]
  0x000001f4e4781050 JavaThread "http-nio-8080-exec-6" daemon [_thread_blocked, id=9868, stack(0x0000004a88a00000,0x0000004a88b00000)]
  0x000001f4e4783580 JavaThread "http-nio-8080-exec-7" daemon [_thread_blocked, id=13656, stack(0x0000004a88b00000,0x0000004a88c00000)]
  0x000001f4e4782ae0 JavaThread "http-nio-8080-exec-8" daemon [_thread_blocked, id=16492, stack(0x0000004a88c00000,0x0000004a88d00000)]
  0x000001f4e8b9a130 JavaThread "http-nio-8080-exec-9" daemon [_thread_blocked, id=12304, stack(0x0000004a88d00000,0x0000004a88e00000)]
  0x000001f4e8b98150 JavaThread "http-nio-8080-exec-10" daemon [_thread_blocked, id=13356, stack(0x0000004a88e00000,0x0000004a88f00000)]
  0x000001f4e8b956d0 JavaThread "http-nio-8080-Poller" daemon [_thread_in_native, id=13428, stack(0x0000004a88f00000,0x0000004a89000000)]
  0x000001f4e8b94190 JavaThread "http-nio-8080-Acceptor" daemon [_thread_in_native, id=11616, stack(0x0000004a89000000,0x0000004a89100000)]
  0x000001f4e8b966c0 JavaThread "DestroyJavaVM" [_thread_blocked, id=17088, stack(0x0000004a86600000,0x0000004a86700000)]

Other Threads:
  0x000001f4dc6c6ea0 VMThread "VM Thread" [stack: 0x0000004a86c00000,0x0000004a86d00000] [id=17440]
  0x000001f4e0ecb710 WatcherThread "VM Periodic Task Thread" [stack: 0x0000004a87b00000,0x0000004a87c00000] [id=20424]
  0x000001f4b90432f0 WorkerThread "GC Thread#0" [stack: 0x0000004a86700000,0x0000004a86800000] [id=12380]
  0x000001f4e1580670 WorkerThread "GC Thread#1" [stack: 0x0000004a87c00000,0x0000004a87d00000] [id=15828]
  0x000001f4e1580940 WorkerThread "GC Thread#2" [stack: 0x0000004a87d00000,0x0000004a87e00000] [id=3584]
  0x000001f4e1580c10 WorkerThread "GC Thread#3" [stack: 0x0000004a87e00000,0x0000004a87f00000] [id=6316]
  0x000001f4b906ec90 ConcurrentGCThread "G1 Main Marker" [stack: 0x0000004a86800000,0x0000004a86900000] [id=14332]
  0x000001f4b906f6c0 WorkerThread "G1 Conc#0" [stack: 0x0000004a86900000,0x0000004a86a00000] [id=7828]
  0x000001f4dc582970 ConcurrentGCThread "G1 Refine#0" [stack: 0x0000004a86a00000,0x0000004a86b00000] [id=18068]
  0x000001f4dc585680 ConcurrentGCThread "G1 Service" [stack: 0x0000004a86b00000,0x0000004a86c00000] [id=6468]

Threads with active compile tasks:
C1 CompilerThread0    63421 6248       3       java.util.concurrent.ScheduledThreadPoolExecutor$ScheduledFutureTask::compareTo (9 bytes)

VM state: not at safepoint (normal execution)

VM Mutex/Monitor currently owned by a thread:  ([mutex/lock_event])
[0x000001f4b8fd7e60] Metaspace_lock - owner thread: 0x000001f4e0c483e0
[0x000001f4b8fd9e30] MethodData_lock - owner thread: 0x000001f4e0c483e0

Heap address: 0x0000000721000000, size: 3568 MB, Compressed Oops mode: Zero based, Oop shift amount: 3

CDS archive(s) mapped at: [0x0000000800000000-0x0000000800c40000-0x0000000800c40000), size 12845056, SharedBaseAddress: 0x0000000800000000, ArchiveRelocationMode: 0.
Compressed class space mapped at: 0x0000000801000000-0x0000000841000000, reserved size: 1073741824
Narrow klass base: 0x0000000800000000, Narrow klass shift: 0, Narrow klass range: 0x100000000

GC Precious Log:
 CardTable entry size: 512
 Card Set container configuration: InlinePtr #cards 4 size 8 Array Of Cards #cards 16 size 48 Howl #buckets 8 coarsen threshold 3686 Howl Bitmap #cards 512 size 80 coarsen threshold 460 Card regions per heap region 1 cards per card region 4096
 CPUs: 4 total, 4 available
 Memory: 14266M
 Large Page Support: Disabled
 NUMA Support: Disabled
 Compressed Oops: Enabled (Zero based)
 Heap Region Size: 2M
 Heap Min Capacity: 8M
 Heap Initial Capacity: 224M
 Heap Max Capacity: 3568M
 Pre-touch: Disabled
 Parallel Workers: 4
 Concurrent Workers: 1
 Concurrent Refinement Workers: 4
 Periodic GC: Disabled

Heap:
 garbage-first heap   total 102400K, used 60242K [0x0000000721000000, 0x0000000800000000)
  region size 2048K, 20 young (40960K), 3 survivors (6144K)
 Metaspace       used 63635K, committed 64192K, reserved 1114112K
  class space    used 8285K, committed 8576K, reserved 1048576K

Heap Regions: E=young(eden), S=young(survivor), O=old, HS=humongous(starts), HC=humongous(continues), CS=collection set, F=free, OA=open archive, CA=closed archive, TAMS=top-at-mark-start (previous, next)
|   0|0x0000000721000000, 0x0000000721200000, 0x0000000721200000|100%| O|  |TAMS 0x0000000721200000, 0x0000000721000000| Complete 
|   1|0x0000000721200000, 0x0000000721400000, 0x0000000721400000|100%| O|  |TAMS 0x0000000721400000, 0x0000000721200000| Untracked 
|   2|0x0000000721400000, 0x0000000721600000, 0x0000000721600000|100%| O|  |TAMS 0x0000000721600000, 0x0000000721400000| Untracked 
|   3|0x0000000721600000, 0x0000000721800000, 0x0000000721800000|100%| O|  |TAMS 0x0000000721800000, 0x0000000721600000| Untracked 
|   4|0x0000000721800000, 0x0000000721a00000, 0x0000000721a00000|100%| O|  |TAMS 0x0000000721a00000, 0x0000000721800000| Untracked 
|   5|0x0000000721a00000, 0x0000000721c00000, 0x0000000721c00000|100%| O|  |TAMS 0x0000000721c00000, 0x0000000721a00000| Untracked 
|   6|0x0000000721c00000, 0x0000000721e00000, 0x0000000721e00000|100%| O|  |TAMS 0x0000000721e00000, 0x0000000721c00000| Untracked 
|   7|0x0000000721e00000, 0x0000000722000000, 0x0000000722000000|100%| O|  |TAMS 0x0000000722000000, 0x0000000721e00000| Untracked 
|   8|0x0000000722000000, 0x0000000722200000, 0x0000000722200000|100%| O|  |TAMS 0x0000000722200000, 0x0000000722000000| Untracked 
|   9|0x0000000722200000, 0x000000072229e800, 0x0000000722400000| 30%| O|  |TAMS 0x0000000722200000, 0x0000000722200000| Untracked 
|  10|0x0000000722400000, 0x0000000722600000, 0x0000000722600000|100%| O|  |TAMS 0x0000000722600000, 0x0000000722400000| Untracked 
|  11|0x0000000722600000, 0x0000000722800000, 0x0000000722800000|100%| O|  |TAMS 0x0000000722753800, 0x0000000722600000| Untracked 
|  12|0x0000000722800000, 0x0000000722800000, 0x0000000722a00000|  0%| F|  |TAMS 0x0000000722800000, 0x0000000722800000| Untracked 
|  13|0x0000000722a00000, 0x0000000722a00000, 0x0000000722c00000|  0%| F|  |TAMS 0x0000000722a00000, 0x0000000722a00000| Untracked 
|  14|0x0000000722c00000, 0x0000000722c00000, 0x0000000722e00000|  0%| F|  |TAMS 0x0000000722c00000, 0x0000000722c00000| Untracked 
|  15|0x0000000722e00000, 0x0000000722e00000, 0x0000000723000000|  0%| F|  |TAMS 0x0000000722e00000, 0x0000000722e00000| Untracked 
|  16|0x0000000723000000, 0x0000000723000000, 0x0000000723200000|  0%| F|  |TAMS 0x0000000723000000, 0x0000000723000000| Untracked 
|  17|0x0000000723200000, 0x0000000723200000, 0x0000000723400000|  0%| F|  |TAMS 0x0000000723200000, 0x0000000723200000| Untracked 
|  18|0x0000000723400000, 0x0000000723400000, 0x0000000723600000|  0%| F|  |TAMS 0x0000000723400000, 0x0000000723400000| Untracked 
|  19|0x0000000723600000, 0x0000000723600000, 0x0000000723800000|  0%| F|  |TAMS 0x0000000723600000, 0x0000000723600000| Untracked 
|  20|0x0000000723800000, 0x0000000723800000, 0x0000000723a00000|  0%| F|  |TAMS 0x0000000723800000, 0x0000000723800000| Untracked 
|  21|0x0000000723a00000, 0x0000000723a00000, 0x0000000723c00000|  0%| F|  |TAMS 0x0000000723a00000, 0x0000000723a00000| Untracked 
|  22|0x0000000723c00000, 0x0000000723c00000, 0x0000000723e00000|  0%| F|  |TAMS 0x0000000723c00000, 0x0000000723c00000| Untracked 
|  23|0x0000000723e00000, 0x0000000723e00000, 0x0000000724000000|  0%| F|  |TAMS 0x0000000723e00000, 0x0000000723e00000| Untracked 
|  24|0x0000000724000000, 0x0000000724000000, 0x0000000724200000|  0%| F|  |TAMS 0x0000000724000000, 0x0000000724000000| Untracked 
|  25|0x0000000724200000, 0x0000000724200000, 0x0000000724400000|  0%| F|  |TAMS 0x0000000724200000, 0x0000000724200000| Untracked 
|  26|0x0000000724400000, 0x0000000724400000, 0x0000000724600000|  0%| F|  |TAMS 0x0000000724400000, 0x0000000724400000| Untracked 
|  27|0x0000000724600000, 0x0000000724600000, 0x0000000724800000|  0%| F|  |TAMS 0x0000000724600000, 0x0000000724600000| Untracked 
|  28|0x0000000724800000, 0x0000000724800000, 0x0000000724a00000|  0%| F|  |TAMS 0x0000000724800000, 0x0000000724800000| Untracked 
|  29|0x0000000724a00000, 0x0000000724a00000, 0x0000000724c00000|  0%| F|  |TAMS 0x0000000724a00000, 0x0000000724a00000| Untracked 
|  30|0x0000000724c00000, 0x0000000724c64630, 0x0000000724e00000| 19%| E|  |TAMS 0x0000000724c00000, 0x0000000724c00000| Complete 
|  31|0x0000000724e00000, 0x0000000725000000, 0x0000000725000000|100%| E|CS|TAMS 0x0000000724e00000, 0x0000000724e00000| Complete 
|  32|0x0000000725000000, 0x0000000725200000, 0x0000000725200000|100%| E|CS|TAMS 0x0000000725000000, 0x0000000725000000| Complete 
|  33|0x0000000725200000, 0x0000000725400000, 0x0000000725400000|100%| E|CS|TAMS 0x0000000725200000, 0x0000000725200000| Complete 
|  34|0x0000000725400000, 0x0000000725600000, 0x0000000725600000|100%| E|CS|TAMS 0x0000000725400000, 0x0000000725400000| Complete 
|  35|0x0000000725600000, 0x0000000725800000, 0x0000000725800000|100%| E|CS|TAMS 0x0000000725600000, 0x0000000725600000| Complete 
|  36|0x0000000725800000, 0x0000000725a00000, 0x0000000725a00000|100%| E|CS|TAMS 0x0000000725800000, 0x0000000725800000| Complete 
|  37|0x0000000725a00000, 0x0000000725c00000, 0x0000000725c00000|100%| E|CS|TAMS 0x0000000725a00000, 0x0000000725a00000| Complete 
|  38|0x0000000725c00000, 0x0000000725e00000, 0x0000000725e00000|100%| E|CS|TAMS 0x0000000725c00000, 0x0000000725c00000| Complete 
|  39|0x0000000725e00000, 0x0000000726000000, 0x0000000726000000|100%| E|CS|TAMS 0x0000000725e00000, 0x0000000725e00000| Complete 
|  40|0x0000000726000000, 0x0000000726200000, 0x0000000726200000|100%| E|CS|TAMS 0x0000000726000000, 0x0000000726000000| Complete 
|  41|0x0000000726200000, 0x0000000726400000, 0x0000000726400000|100%| E|CS|TAMS 0x0000000726200000, 0x0000000726200000| Complete 
|  42|0x0000000726400000, 0x0000000726600000, 0x0000000726600000|100%| E|CS|TAMS 0x0000000726400000, 0x0000000726400000| Complete 
|  43|0x0000000726600000, 0x0000000726636258, 0x0000000726800000| 10%| S|CS|TAMS 0x0000000726600000, 0x0000000726600000| Complete 
|  44|0x0000000726800000, 0x0000000726a00000, 0x0000000726a00000|100%| S|CS|TAMS 0x0000000726800000, 0x0000000726800000| Complete 
|  73|0x000000072a200000, 0x000000072a400000, 0x000000072a400000|100%| S|CS|TAMS 0x000000072a200000, 0x000000072a200000| Complete 
|  74|0x000000072a400000, 0x000000072a600000, 0x000000072a600000|100%| E|CS|TAMS 0x000000072a400000, 0x000000072a400000| Complete 
|  75|0x000000072a600000, 0x000000072a800000, 0x000000072a800000|100%| E|CS|TAMS 0x000000072a600000, 0x000000072a600000| Complete 
|  76|0x000000072a800000, 0x000000072aa00000, 0x000000072aa00000|100%| E|CS|TAMS 0x000000072a800000, 0x000000072a800000| Complete 
| 111|0x000000072ee00000, 0x000000072f000000, 0x000000072f000000|100%| E|CS|TAMS 0x000000072ee00000, 0x000000072ee00000| Complete 

Card table byte_map: [0x000001f4d2420000,0x000001f4d2b20000] _byte_map_base: 0x000001f4ceb18000

Marking Bits (Prev, Next): (CMBitMap*) 0x000001f4b9043960, (CMBitMap*) 0x000001f4b9043920
 Prev Bits: [0x000001f4d69e0000, 0x000001f4da1a0000)
 Next Bits: [0x000001f4d3220000, 0x000001f4d69e0000)

Polling page: 0x000001f4b9080000

Metaspace:

Usage:
  Non-class:     54.05 MB used.
      Class:      8.09 MB used.
       Both:     62.14 MB used.

Virtual space:
  Non-class space:       64.00 MB reserved,      54.31 MB ( 85%) committed,  1 nodes.
      Class space:        1.00 GB reserved,       8.38 MB ( <1%) committed,  1 nodes.
             Both:        1.06 GB reserved,      62.69 MB (  6%) committed. 

Chunk freelists:
   Non-Class:  704.00 KB
       Class:  3.56 MB
        Both:  4.25 MB

MaxMetaspaceSize: unlimited
CompressedClassSpaceSize: 1.00 GB
Initial GC threshold: 21.00 MB
Current GC threshold: 98.44 MB
CDS: on
MetaspaceReclaimPolicy: balanced
 - commit_granule_bytes: 65536.
 - commit_granule_words: 8192.
 - virtual_space_node_default_size: 8388608.
 - enlarge_chunks_in_place: 1.
 - new_chunks_are_fully_committed: 0.
 - uncommit_free_chunks: 1.
 - use_allocation_guard: 0.


Internal statistics:

num_allocs_failed_limit: 9.
num_arena_births: 846.
num_arena_deaths: 0.
num_vsnodes_births: 2.
num_vsnodes_deaths: 0.
num_space_committed: 1003.
num_space_uncommitted: 0.
num_chunks_returned_to_freelist: 9.
num_chunks_taken_from_freelist: 3056.
num_chunk_merges: 9.
num_chunk_splits: 2261.
num_chunks_enlarged: 1856.
num_inconsistent_stats: 0.

CodeHeap 'non-profiled nmethods': size=120000Kb used=4004Kb max_used=4004Kb free=115995Kb
 bounds [0x000001f4ca1c0000, 0x000001f4ca5b0000, 0x000001f4d16f0000]
CodeHeap 'profiled nmethods': size=120000Kb used=11504Kb max_used=11504Kb free=108495Kb
 bounds [0x000001f4c26f0000, 0x000001f4c3230000, 0x000001f4c9c20000]
CodeHeap 'non-nmethods': size=5760Kb used=1492Kb max_used=1562Kb free=4267Kb
 bounds [0x000001f4c9c20000, 0x000001f4c9e90000, 0x000001f4ca1c0000]
 total_blobs=6137 nmethods=5458 adapters=589
 compilation: enabled
              stopped_count=0, restarted_count=0
 full_count=0

Compilation events (20 events):
Event: 43.330 Thread 0x000001f4e0c483e0 nmethod 6236 0x000001f4c322d390 code [0x000001f4c322d520, 0x000001f4c322d678]
Event: 44.343 Thread 0x000001f4e0c483e0 6237       3       jdk.internal.misc.Unsafe::weakCompareAndSetLong (11 bytes)
Event: 44.343 Thread 0x000001f4e0c483e0 nmethod 6237 0x000001f4c322d710 code [0x000001f4c322d8a0, 0x000001f4c322d9d8]
Event: 45.045 Thread 0x000001f4e0c483e0 6238       1       java.lang.Thread::isInterrupted (5 bytes)
Event: 45.045 Thread 0x000001f4e0c483e0 nmethod 6238 0x000001f4ca5a8690 code [0x000001f4ca5a8820, 0x000001f4ca5a88f8]
Event: 46.038 Thread 0x000001f4e0c483e0 6239       3       java.util.concurrent.ScheduledThreadPoolExecutor$DelayedWorkQueue::setIndex (16 bytes)
Event: 46.038 Thread 0x000001f4e0c483e0 nmethod 6239 0x000001f4c322da90 code [0x000001f4c322dc40, 0x000001f4c322df58]
Event: 46.038 Thread 0x000001f4e0c483e0 6240       3       java.util.concurrent.locks.AbstractQueuedSynchronizer$ConditionObject::canReacquire (38 bytes)
Event: 46.038 Thread 0x000001f4e0c483e0 nmethod 6240 0x000001f4c322e010 code [0x000001f4c322e1e0, 0x000001f4c322e578]
Event: 46.038 Thread 0x000001f4e0c483e0 6241       3       java.util.concurrent.ThreadPoolExecutor::runStateAtLeast (11 bytes)
Event: 46.038 Thread 0x000001f4e0c483e0 nmethod 6241 0x000001f4c322e710 code [0x000001f4c322e8a0, 0x000001f4c322e9d8]
Event: 53.307 Thread 0x000001f4e0c483e0 6242       3       java.util.concurrent.TimeUnit::toNanos (45 bytes)
Event: 53.307 Thread 0x000001f4e0c483e0 nmethod 6242 0x000001f4c322ea90 code [0x000001f4c322ec40, 0x000001f4c322eeb8]
Event: 55.061 Thread 0x000001f4e0c483e0 6245       3       jdk.internal.misc.Unsafe::getAndBitwiseAndInt (27 bytes)
Event: 55.062 Thread 0x000001f4e0c483e0 nmethod 6245 0x000001f4c322ef90 code [0x000001f4c322f140, 0x000001f4c322f388]
Event: 56.035 Thread 0x000001f4e0c483e0 6246       3       java.util.concurrent.locks.AbstractQueuedSynchronizer$Node::getAndUnsetStatus (14 bytes)
Event: 56.035 Thread 0x000001f4e0c483e0 nmethod 6246 0x000001f4c322f490 code [0x000001f4c322f640, 0x000001f4c322f8e8]
Event: 62.042 Thread 0x000001f4e0c483e0 6247       3       java.util.concurrent.locks.LockSupport::setBlocker (12 bytes)
Event: 62.043 Thread 0x000001f4e0c483e0 nmethod 6247 0x000001f4c322fa10 code [0x000001f4c322fbc0, 0x000001f4c322fdc8]
Event: 63.386 Thread 0x000001f4e0c483e0 6248       3       java.util.concurrent.ScheduledThreadPoolExecutor$ScheduledFutureTask::compareTo (9 bytes)

GC Heap History (20 events):
Event: 4.145 GC heap before
{Heap before GC invocations=5 (full 0):
 garbage-first heap   total 61440K, used 43351K [0x0000000721000000, 0x0000000800000000)
  region size 2048K, 18 young (36864K), 4 survivors (8192K)
 Metaspace       used 26062K, committed 26496K, reserved 1114112K
  class space    used 3221K, committed 3456K, reserved 1048576K
}
Event: 4.155 GC heap after
{Heap after GC invocations=6 (full 0):
 garbage-first heap   total 61440K, used 17100K [0x0000000721000000, 0x0000000800000000)
  region size 2048K, 2 young (4096K), 2 survivors (4096K)
 Metaspace       used 26062K, committed 26496K, reserved 1114112K
  class space    used 3221K, committed 3456K, reserved 1048576K
}
Event: 4.205 GC heap before
{Heap before GC invocations=6 (full 0):
 garbage-first heap   total 61440K, used 19148K [0x0000000721000000, 0x0000000800000000)
  region size 2048K, 3 young (6144K), 2 survivors (4096K)
 Metaspace       used 26590K, committed 27008K, reserved 1114112K
  class space    used 3276K, committed 3456K, reserved 1048576K
}
Event: 4.211 GC heap after
{Heap after GC invocations=7 (full 0):
 garbage-first heap   total 61440K, used 18005K [0x0000000721000000, 0x0000000800000000)
  region size 2048K, 1 young (2048K), 1 survivors (2048K)
 Metaspace       used 26590K, committed 27008K, reserved 1114112K
  class space    used 3276K, committed 3456K, reserved 1048576K
}
Event: 4.829 GC heap before
{Heap before GC invocations=7 (full 0):
 garbage-first heap   total 61440K, used 38485K [0x0000000721000000, 0x0000000800000000)
  region size 2048K, 12 young (24576K), 1 survivors (2048K)
 Metaspace       used 31008K, committed 31488K, reserved 1114112K
  class space    used 3807K, committed 4032K, reserved 1048576K
}
Event: 4.834 GC heap after
{Heap after GC invocations=8 (full 0):
 garbage-first heap   total 61440K, used 20165K [0x0000000721000000, 0x0000000800000000)
  region size 2048K, 2 young (4096K), 2 survivors (4096K)
 Metaspace       used 31008K, committed 31488K, reserved 1114112K
  class space    used 3807K, committed 4032K, reserved 1048576K
}
Event: 5.703 GC heap before
{Heap before GC invocations=8 (full 0):
 garbage-first heap   total 61440K, used 40645K [0x0000000721000000, 0x0000000800000000)
  region size 2048K, 13 young (26624K), 2 survivors (4096K)
 Metaspace       used 35526K, committed 35968K, reserved 1114112K
  class space    used 4463K, committed 4672K, reserved 1048576K
}
Event: 5.709 GC heap after
{Heap after GC invocations=9 (full 0):
 garbage-first heap   total 61440K, used 21107K [0x0000000721000000, 0x0000000800000000)
  region size 2048K, 1 young (2048K), 1 survivors (2048K)
 Metaspace       used 35526K, committed 35968K, reserved 1114112K
  class space    used 4463K, committed 4672K, reserved 1048576K
}
Event: 6.528 GC heap before
{Heap before GC invocations=10 (full 0):
 garbage-first heap   total 61440K, used 45683K [0x0000000721000000, 0x0000000800000000)
  region size 2048K, 13 young (26624K), 1 survivors (2048K)
 Metaspace       used 42022K, committed 42560K, reserved 1114112K
  class space    used 5308K, committed 5568K, reserved 1048576K
}
Event: 6.533 GC heap after
{Heap after GC invocations=11 (full 0):
 garbage-first heap   total 61440K, used 22685K [0x0000000721000000, 0x0000000800000000)
  region size 2048K, 2 young (4096K), 2 survivors (4096K)
 Metaspace       used 42022K, committed 42560K, reserved 1114112K
  class space    used 5308K, committed 5568K, reserved 1048576K
}
Event: 6.595 GC heap before
{Heap before GC invocations=11 (full 0):
 garbage-first heap   total 61440K, used 24733K [0x0000000721000000, 0x0000000800000000)
  region size 2048K, 3 young (6144K), 2 survivors (4096K)
 Metaspace       used 42271K, committed 42752K, reserved 1114112K
  class space    used 5343K, committed 5568K, reserved 1048576K
}
Event: 6.603 GC heap after
{Heap after GC invocations=12 (full 0):
 garbage-first heap   total 61440K, used 22264K [0x0000000721000000, 0x0000000800000000)
  region size 2048K, 1 young (2048K), 1 survivors (2048K)
 Metaspace       used 42271K, committed 42752K, reserved 1114112K
  class space    used 5343K, committed 5568K, reserved 1048576K
}
Event: 7.194 GC heap before
{Heap before GC invocations=12 (full 0):
 garbage-first heap   total 61440K, used 42744K [0x0000000721000000, 0x0000000800000000)
  region size 2048K, 12 young (24576K), 1 survivors (2048K)
 Metaspace       used 48021K, committed 48512K, reserved 1114112K
  class space    used 6152K, committed 6400K, reserved 1048576K
}
Event: 7.202 GC heap after
{Heap after GC invocations=13 (full 0):
 garbage-first heap   total 61440K, used 23175K [0x0000000721000000, 0x0000000800000000)
  region size 2048K, 1 young (2048K), 1 survivors (2048K)
 Metaspace       used 48021K, committed 48512K, reserved 1114112K
  class space    used 6152K, committed 6400K, reserved 1048576K
}
Event: 9.835 GC heap before
{Heap before GC invocations=13 (full 0):
 garbage-first heap   total 61440K, used 45703K [0x0000000721000000, 0x0000000800000000)
  region size 2048K, 12 young (24576K), 1 survivors (2048K)
 Metaspace       used 52530K, committed 53056K, reserved 1114112K
  class space    used 6851K, committed 7104K, reserved 1048576K
}
Event: 9.840 GC heap after
{Heap after GC invocations=14 (full 0):
 garbage-first heap   total 102400K, used 24247K [0x0000000721000000, 0x0000000800000000)
  region size 2048K, 2 young (4096K), 2 survivors (4096K)
 Metaspace       used 52530K, committed 53056K, reserved 1114112K
  class space    used 6851K, committed 7104K, reserved 1048576K
}
Event: 13.692 GC heap before
{Heap before GC invocations=14 (full 0):
 garbage-first heap   total 102400K, used 79543K [0x0000000721000000, 0x0000000800000000)
  region size 2048K, 29 young (59392K), 2 survivors (4096K)
 Metaspace       used 59675K, committed 60288K, reserved 1114112K
  class space    used 7690K, committed 8000K, reserved 1048576K
}
Event: 13.698 GC heap after
{Heap after GC invocations=15 (full 0):
 garbage-first heap   total 102400K, used 27234K [0x0000000721000000, 0x0000000800000000)
  region size 2048K, 3 young (6144K), 3 survivors (6144K)
 Metaspace       used 59675K, committed 60288K, reserved 1114112K
  class space    used 7690K, committed 8000K, reserved 1048576K
}
Event: 13.782 GC heap before
{Heap before GC invocations=15 (full 0):
 garbage-first heap   total 102400K, used 33378K [0x0000000721000000, 0x0000000800000000)
  region size 2048K, 7 young (14336K), 3 survivors (6144K)
 Metaspace       used 59871K, committed 60416K, reserved 1114112K
  class space    used 7708K, committed 8000K, reserved 1048576K
}
Event: 13.787 GC heap after
{Heap after GC invocations=16 (full 0):
 garbage-first heap   total 102400K, used 27474K [0x0000000721000000, 0x0000000800000000)
  region size 2048K, 3 young (6144K), 3 survivors (6144K)
 Metaspace       used 59871K, committed 60416K, reserved 1114112K
  class space    used 7708K, committed 8000K, reserved 1048576K
}

Dll operation events (13 events):
Event: 0.011 Loaded shared library C:\Program Files\Java\jdk-19\bin\java.dll
Event: 0.012 Loaded shared library C:\Program Files\Java\jdk-19\bin\zip.dll
Event: 0.022 Loaded shared library C:\Program Files\Java\jdk-19\bin\jsvml.dll
Event: 0.276 Loaded shared library C:\Program Files\Java\jdk-19\bin\instrument.dll
Event: 0.311 Loaded shared library C:\Program Files\Java\jdk-19\bin\net.dll
Event: 0.312 Loaded shared library C:\Program Files\Java\jdk-19\bin\nio.dll
Event: 0.317 Loaded shared library C:\Program Files\Java\jdk-19\bin\zip.dll
Event: 0.604 Loaded shared library C:\Program Files\Java\jdk-19\bin\jimage.dll
Event: 1.762 Loaded shared library C:\Program Files\Java\jdk-19\bin\verify.dll
Event: 4.639 Loaded shared library C:\Program Files\Java\jdk-19\bin\sunmscapi.dll
Event: 4.661 Loaded shared library C:\Program Files\Java\jdk-19\bin\management.dll
Event: 4.664 Loaded shared library C:\Program Files\Java\jdk-19\bin\management_ext.dll
Event: 6.005 Loaded shared library C:\Program Files\Java\jdk-19\bin\extnet.dll

Deoptimization events (20 events):
Event: 14.825 Thread 0x000001f4b8fdda90 DEOPT PACKING pc=0x000001f4ca510234 sp=0x0000004a866fedc0
Event: 14.825 Thread 0x000001f4b8fdda90 DEOPT UNPACKING pc=0x000001f4c9c86da3 sp=0x0000004a866fedc8 mode 2
Event: 14.829 Thread 0x000001f4b8fdda90 Uncommon trap: trap_request=0xffffff45 fr.pc=0x000001f4ca3dd668 relative=0x0000000000001068
Event: 14.829 Thread 0x000001f4b8fdda90 Uncommon trap: reason=unstable_if action=reinterpret pc=0x000001f4ca3dd668 method=org.springframework.core.annotation.AnnotationsScanner.processMethodHierarchy(Ljava/lang/Object;[ILjava/lang/Class;Lorg/springframework/core/annotation/AnnotationsProcessor;
Event: 14.829 Thread 0x000001f4b8fdda90 DEOPT PACKING pc=0x000001f4ca3dd668 sp=0x0000004a866feab0
Event: 14.830 Thread 0x000001f4b8fdda90 DEOPT UNPACKING pc=0x000001f4c9c86da3 sp=0x0000004a866feaa8 mode 2
Event: 14.886 Thread 0x000001f4b8fdda90 DEOPT PACKING pc=0x000001f4ca476ee8 sp=0x0000004a866fde90
Event: 14.886 Thread 0x000001f4b8fdda90 DEOPT UNPACKING pc=0x000001f4c9c87543 sp=0x0000004a866fd328 mode 1
Event: 15.001 Thread 0x000001f4b8fdda90 DEOPT PACKING pc=0x000001f4c2eef254 sp=0x0000004a866fef70
Event: 15.001 Thread 0x000001f4b8fdda90 DEOPT UNPACKING pc=0x000001f4c9c87543 sp=0x0000004a866fe4d8 mode 1
Event: 15.001 Thread 0x000001f4b8fdda90 DEOPT PACKING pc=0x000001f4c2eef254 sp=0x0000004a866fef00
Event: 15.001 Thread 0x000001f4b8fdda90 DEOPT UNPACKING pc=0x000001f4c9c87543 sp=0x0000004a866fe468 mode 1
Event: 15.003 Thread 0x000001f4b8fdda90 Uncommon trap: trap_request=0xffffffde fr.pc=0x000001f4ca50c668 relative=0x00000000000000c8
Event: 15.003 Thread 0x000001f4b8fdda90 Uncommon trap: reason=class_check action=maybe_recompile pc=0x000001f4ca50c668 method=java.util.Collections$2.tryAdvance(Ljava/util/function/Consumer;)Z @ 29 c2
Event: 15.003 Thread 0x000001f4b8fdda90 DEOPT PACKING pc=0x000001f4ca50c668 sp=0x0000004a866ff2c0
Event: 15.003 Thread 0x000001f4b8fdda90 DEOPT UNPACKING pc=0x000001f4c9c86da3 sp=0x0000004a866ff200 mode 2
Event: 15.010 Thread 0x000001f4b8fdda90 DEOPT PACKING pc=0x000001f4ca476ee8 sp=0x0000004a866fe910
Event: 15.010 Thread 0x000001f4b8fdda90 DEOPT UNPACKING pc=0x000001f4c9c87543 sp=0x0000004a866fdd98 mode 1
Event: 15.014 Thread 0x000001f4b8fdda90 DEOPT PACKING pc=0x000001f4ca476ee8 sp=0x0000004a866fe910
Event: 15.014 Thread 0x000001f4b8fdda90 DEOPT UNPACKING pc=0x000001f4c9c87543 sp=0x0000004a866fdd98 mode 1

Classes loaded (20 events):
Event: 15.019 Loading class com/cloudinary/api/ApiResponse
Event: 15.019 Loading class com/cloudinary/api/ApiResponse done
Event: 15.019 Loading class com/cloudinary/SingletonManager
Event: 15.019 Loading class com/cloudinary/SingletonManager done
Event: 15.020 Loading class com/cloudinary/Singleton
Event: 15.020 Loading class com/cloudinary/Singleton done
Event: 15.020 Loading class org/springframework/context/ConfigurableApplicationContext
Event: 15.020 Loading class org/springframework/context/ConfigurableApplicationContext done
Event: 15.020 Loading class org/springframework/context/ConfigurableApplicationContext
Event: 15.020 Loading class org/springframework/context/ConfigurableApplicationContext done
Event: 15.033 Loading class org/apache/coyote/AbstractProtocol
Event: 15.033 Loading class org/apache/coyote/AbstractProtocol done
Event: 23.315 Loading class org/apache/catalina/webresources/CachedResource
Event: 23.315 Loading class org/apache/catalina/webresources/CachedResource done
Event: 23.315 Loading class java/util/Collections$ReverseComparator
Event: 23.316 Loading class java/util/Collections$ReverseComparator done
Event: 23.316 Loading class java/util/Collections$ReverseComparator2
Event: 23.316 Loading class java/util/Collections$ReverseComparator2 done
Event: 23.316 Loading class org/apache/tomcat/PeriodicEventListener
Event: 23.316 Loading class org/apache/tomcat/PeriodicEventListener done

Classes unloaded (0 events):
No events

Classes redefined (0 events):
No events

Internal exceptions (20 events):
Event: 8.997 Thread 0x000001f4b8fdda90 Exception <a 'java/lang/NoSuchMethodError'{0x0000000723817a38}: 'java.lang.Object java.lang.invoke.DirectMethodHandle$Holder.newInvokeSpecial(java.lang.Object, java.lang.Object, int, java.lang.Object, int, java.lang.Object, java.lang.Object, java.lang.Object)'> (0x0000000723817a38) 
thrown [s\open\src\hotspot\share\interpreter\linkResolver.cpp, line 774]
Event: 8.999 Thread 0x000001f4b8fdda90 Exception <a 'java/lang/NoSuchMethodError'{0x0000000723824e68}: 'int java.lang.invoke.DirectMethodHandle$Holder.invokeSpecial(java.lang.Object, java.lang.Object, java.lang.Object, java.lang.Object, java.lang.Object, java.lang.Object)'> (0x0000000723824e68) 
thrown [s\open\src\hotspot\share\interpreter\linkResolver.cpp, line 774]
Event: 9.107 Thread 0x000001f4b8fdda90 Exception <a 'java/lang/NoSuchMethodError'{0x0000000723899220}: 'void java.lang.invoke.DirectMethodHandle$Holder.invokeInterface(java.lang.Object, java.lang.Object)'> (0x0000000723899220) 
thrown [s\open\src\hotspot\share\interpreter\linkResolver.cpp, line 774]
Event: 9.992 Thread 0x000001f4b8fdda90 Exception <a 'java/lang/NoSuchMethodError'{0x000000072ef01558}: 'java.lang.Object java.lang.invoke.DirectMethodHandle$Holder.invokeSpecial(java.lang.Object, java.lang.Object, int, java.lang.Object, int)'> (0x000000072ef01558) 
thrown [s\open\src\hotspot\share\interpreter\linkResolver.cpp, line 774]
Event: 10.498 Thread 0x000001f4b8fdda90 Implicit null exception at 0x000001f4ca1e9639 to 0x000001f4ca1eaffc
Event: 10.532 Thread 0x000001f4b8fdda90 Exception <a 'java/lang/IncompatibleClassChangeError'{0x000000072a6cdf40}: Found class java.lang.Object, but interface was expected> (0x000000072a6cdf40) 
thrown [s\open\src\hotspot\share\interpreter\linkResolver.cpp, line 841]
Event: 10.966 Thread 0x000001f4b8fdda90 Implicit null exception at 0x000001f4ca26514a to 0x000001f4ca26537c
Event: 11.414 Thread 0x000001f4b8fdda90 Exception <a 'java/lang/IncompatibleClassChangeError'{0x000000072a45fe20}: Found class java.lang.Object, but interface was expected> (0x000000072a45fe20) 
thrown [s\open\src\hotspot\share\interpreter\linkResolver.cpp, line 841]
Event: 12.836 Thread 0x000001f4b8fdda90 Exception <a 'java/lang/IncompatibleClassChangeError'{0x00000007264d1538}: Found class java.lang.Object, but interface was expected> (0x00000007264d1538) 
thrown [s\open\src\hotspot\share\interpreter\linkResolver.cpp, line 841]
Event: 13.185 Thread 0x000001f4b8fdda90 Exception <a 'java/lang/IncompatibleClassChangeError'{0x0000000725d7f068}: Found class java.lang.Object, but interface was expected> (0x0000000725d7f068) 
thrown [s\open\src\hotspot\share\interpreter\linkResolver.cpp, line 841]
Event: 13.186 Thread 0x000001f4b8fdda90 Exception <a 'java/lang/IncompatibleClassChangeError'{0x0000000725d85c10}: Found class java.lang.Object, but interface was expected> (0x0000000725d85c10) 
thrown [s\open\src\hotspot\share\interpreter\linkResolver.cpp, line 841]
Event: 13.285 Thread 0x000001f4b8fdda90 Exception <a 'java/lang/NoSuchMethodError'{0x0000000725999928}: 'long java.lang.invoke.DirectMethodHandle$Holder.invokeVirtual(java.lang.Object, java.lang.Object)'> (0x0000000725999928) 
thrown [s\open\src\hotspot\share\interpreter\linkResolver.cpp, line 774]
Event: 13.426 Thread 0x000001f4b8fdda90 Implicit null exception at 0x000001f4ca2ca341 to 0x000001f4ca2ca40e
Event: 13.947 Thread 0x000001f4b8fdda90 Exception <a 'java/lang/IncompatibleClassChangeError'{0x000000072a62afe8}: Found class java.lang.Object, but interface was expected> (0x000000072a62afe8) 
thrown [s\open\src\hotspot\share\interpreter\linkResolver.cpp, line 841]
Event: 13.960 Thread 0x000001f4b8fdda90 Exception <a 'java/lang/NoSuchMethodError'{0x000000072a68e908}: 'java.lang.Object java.lang.invoke.DirectMethodHandle$Holder.invokeInterface(java.lang.Object, java.lang.Object, java.lang.Object, java.lang.Object)'> (0x000000072a68e908) 
thrown [s\open\src\hotspot\share\interpreter\linkResolver.cpp, line 774]
Event: 14.518 Thread 0x000001f4b8fdda90 Implicit null exception at 0x000001f4ca3263da to 0x000001f4ca326610
Event: 14.873 Thread 0x000001f4b8fdda90 Exception <a 'java/lang/NoSuchMethodError'{0x0000000725380f58}: 'java.lang.Object java.lang.invoke.DirectMethodHandle$Holder.newInvokeSpecial(java.lang.Object, java.lang.Object, int, java.lang.Object, java.lang.Object)'> (0x0000000725380f58) 
thrown [s\open\src\hotspot\share\interpreter\linkResolver.cpp, line 774]
Event: 14.874 Thread 0x000001f4b8fdda90 Exception <a 'java/lang/NoSuchMethodError'{0x000000072538c300}: 'java.lang.Object java.lang.invoke.DirectMethodHandle$Holder.invokeSpecial(java.lang.Object, java.lang.Object, int, java.lang.Object, int, java.lang.Object)'> (0x000000072538c300) 
thrown [s\open\src\hotspot\share\interpreter\linkResolver.cpp, line 774]
Event: 14.875 Thread 0x000001f4b8fdda90 Exception <a 'java/lang/NoSuchMethodError'{0x0000000725394058}: 'java.lang.Object java.lang.invoke.DirectMethodHandle$Holder.newInvokeSpecial(java.lang.Object, java.lang.Object, int, java.lang.Object, int)'> (0x0000000725394058) 
thrown [s\open\src\hotspot\share\interpreter\linkResolver.cpp, line 774]
Event: 14.875 Thread 0x000001f4b8fdda90 Exception <a 'java/lang/NoSuchMethodError'{0x0000000725398170}: 'java.lang.Object java.lang.invoke.DirectMethodHandle$Holder.invokeSpecial(java.lang.Object, java.lang.Object, java.lang.Object, int, java.lang.Object, int)'> (0x0000000725398170) 
thrown [s\open\src\hotspot\share\interpreter\linkResolver.cpp, line 774]

VM Operations (20 events):
Event: 13.825 Executing VM operation: Cleanup
Event: 13.826 Executing VM operation: Cleanup done
Event: 13.833 Executing VM operation: G1PauseCleanup
Event: 13.834 Executing VM operation: G1PauseCleanup done
Event: 13.854 Executing VM operation: HandshakeAllThreads
Event: 13.854 Executing VM operation: HandshakeAllThreads done
Event: 13.911 Executing VM operation: HandshakeAllThreads
Event: 13.911 Executing VM operation: HandshakeAllThreads done
Event: 13.914 Executing VM operation: HandshakeAllThreads
Event: 13.914 Executing VM operation: HandshakeAllThreads done
Event: 14.012 Executing VM operation: HandshakeAllThreads
Event: 14.012 Executing VM operation: HandshakeAllThreads done
Event: 14.810 Executing VM operation: ICBufferFull
Event: 14.810 Executing VM operation: ICBufferFull done
Event: 14.825 Executing VM operation: HandshakeAllThreads
Event: 14.825 Executing VM operation: HandshakeAllThreads done
Event: 15.833 Executing VM operation: Cleanup
Event: 15.834 Executing VM operation: Cleanup done
Event: 44.047 Executing VM operation: Cleanup
Event: 44.047 Executing VM operation: Cleanup done

Events (20 events):
Event: 13.305 Thread 0x000001f4e4780060 Thread added: 0x000001f4e4780060
Event: 13.610 Thread 0x000001f4e4a90250 Thread exited: 0x000001f4e4a90250
Event: 13.644 Thread 0x000001f4e4a8f730 Thread added: 0x000001f4e4a8f730
Event: 14.826 Thread 0x000001f4dc70e3d0 flushing nmethod 0x000001f4ca4b6710
Event: 14.831 Thread 0x000001f4dc70e3d0 flushing nmethod 0x000001f4c30cd410
Event: 14.890 Thread 0x000001f4e4780b00 Thread added: 0x000001f4e4780b00
Event: 14.890 Thread 0x000001f4e47805b0 Thread added: 0x000001f4e47805b0
Event: 14.890 Thread 0x000001f4e4782590 Thread added: 0x000001f4e4782590
Event: 14.890 Thread 0x000001f4e4781af0 Thread added: 0x000001f4e4781af0
Event: 14.890 Thread 0x000001f4e4783030 Thread added: 0x000001f4e4783030
Event: 14.890 Thread 0x000001f4e4781050 Thread added: 0x000001f4e4781050
Event: 14.890 Thread 0x000001f4e4783580 Thread added: 0x000001f4e4783580
Event: 14.890 Thread 0x000001f4e4782ae0 Thread added: 0x000001f4e4782ae0
Event: 14.890 Thread 0x000001f4e8b9a130 Thread added: 0x000001f4e8b9a130
Event: 14.890 Thread 0x000001f4e8b98150 Thread added: 0x000001f4e8b98150
Event: 14.982 Thread 0x000001f4e8b956d0 Thread added: 0x000001f4e8b956d0
Event: 14.985 Thread 0x000001f4e8b94190 Thread added: 0x000001f4e8b94190
Event: 15.022 Thread 0x000001f4b8fdda90 Thread exited: 0x000001f4b8fdda90
Event: 15.022 Thread 0x000001f4e8b966c0 Thread added: 0x000001f4e8b966c0
Event: 20.027 Thread 0x000001f4e4a8f730 Thread exited: 0x000001f4e4a8f730


Dynamic libraries:
0x00007ff6c1540000 - 0x00007ff6c1550000 	C:\Program Files\Java\jdk-19\bin\java.exe
0x00007fffcc310000 - 0x00007fffcc524000 	C:\WINDOWS\SYSTEM32\ntdll.dll
0x00007fffcad60000 - 0x00007fffcae22000 	C:\WINDOWS\System32\KERNEL32.DLL
0x00007fffc9850000 - 0x00007fffc9bf3000 	C:\WINDOWS\System32\KERNELBASE.dll
0x00007fffc9730000 - 0x00007fffc9841000 	C:\WINDOWS\System32\ucrtbase.dll
0x00007fffa6810000 - 0x00007fffa682b000 	C:\Program Files\Java\jdk-19\bin\VCRUNTIME140.dll
0x00007fffbb400000 - 0x00007fffbb418000 	C:\Program Files\Java\jdk-19\bin\jli.dll
0x00007fffcb240000 - 0x00007fffcb2ee000 	C:\WINDOWS\System32\ADVAPI32.dll
0x00007fffcab00000 - 0x00007fffcaba7000 	C:\WINDOWS\System32\msvcrt.dll
0x00007fffcabb0000 - 0x00007fffcac54000 	C:\WINDOWS\System32\sechost.dll
0x00007fffcb110000 - 0x00007fffcb227000 	C:\WINDOWS\System32\RPCRT4.dll
0x00007fffcb300000 - 0x00007fffcb4ab000 	C:\WINDOWS\System32\USER32.dll
0x00007fffc9700000 - 0x00007fffc9726000 	C:\WINDOWS\System32\win32u.dll
0x00007fffcb0e0000 - 0x00007fffcb109000 	C:\WINDOWS\System32\GDI32.dll
0x00007fffc9c00000 - 0x00007fffc9d13000 	C:\WINDOWS\System32\gdi32full.dll
0x00007fffc9ed0000 - 0x00007fffc9f6a000 	C:\WINDOWS\System32\msvcp_win.dll
0x00007fffb6080000 - 0x00007fffb630f000 	C:\WINDOWS\WinSxS\amd64_microsoft.windows.common-controls_6595b64144ccf1df_6.0.23451.1000_none_eb02a5e418fa443a\COMCTL32.dll
0x00007fffc50e0000 - 0x00007fffc50ea000 	C:\WINDOWS\SYSTEM32\VERSION.dll
0x00007fffcc290000 - 0x00007fffcc2c1000 	C:\WINDOWS\System32\IMM32.DLL
0x00007fffa6d50000 - 0x00007fffa6d5c000 	C:\Program Files\Java\jdk-19\bin\vcruntime140_1.dll
0x00007fff8a040000 - 0x00007fff8a0ce000 	C:\Program Files\Java\jdk-19\bin\msvcp140.dll
0x00007fff600e0000 - 0x00007fff60da0000 	C:\Program Files\Java\jdk-19\bin\server\jvm.dll
0x00007fffaded0000 - 0x00007fffaded9000 	C:\WINDOWS\SYSTEM32\WSOCK32.dll
0x00007fffc3120000 - 0x00007fffc3154000 	C:\WINDOWS\SYSTEM32\WINMM.dll
0x00007fffca890000 - 0x00007fffca901000 	C:\WINDOWS\System32\WS2_32.dll
0x00007fffc8710000 - 0x00007fffc8728000 	C:\WINDOWS\SYSTEM32\kernel.appcore.dll
0x00007fffa6b80000 - 0x00007fffa6b8a000 	C:\Program Files\Java\jdk-19\bin\jimage.dll
0x00007fffc0bf0000 - 0x00007fffc0e1e000 	C:\WINDOWS\SYSTEM32\DBGHELP.DLL
0x00007fffcbe70000 - 0x00007fffcc1f9000 	C:\WINDOWS\System32\combase.dll
0x00007fffca2b0000 - 0x00007fffca387000 	C:\WINDOWS\System32\OLEAUT32.dll
0x00007fffc0bb0000 - 0x00007fffc0be2000 	C:\WINDOWS\SYSTEM32\dbgcore.DLL
0x00007fffc9d90000 - 0x00007fffc9e0b000 	C:\WINDOWS\System32\bcryptPrimitives.dll
0x00007fffc2fb0000 - 0x00007fffc2fec000 	C:\Program Files\Java\jdk-19\bin\jdwp.dll
0x00007fffc6f10000 - 0x00007fffc6f1e000 	C:\Program Files\Java\jdk-19\bin\instrument.dll
0x00007fffa67e0000 - 0x00007fffa6806000 	C:\Program Files\Java\jdk-19\bin\java.dll
0x00007fffa3950000 - 0x00007fffa3968000 	C:\Program Files\Java\jdk-19\bin\zip.dll
0x00007fff60000000 - 0x00007fff600d7000 	C:\Program Files\Java\jdk-19\bin\jsvml.dll
0x00007fffcb4b0000 - 0x00007fffcbccb000 	C:\WINDOWS\System32\SHELL32.dll
0x00007fffc76a0000 - 0x00007fffc7f87000 	C:\WINDOWS\SYSTEM32\windows.storage.dll
0x00007fffc7560000 - 0x00007fffc769e000 	C:\WINDOWS\SYSTEM32\wintypes.dll
0x00007fffcac60000 - 0x00007fffcad53000 	C:\WINDOWS\System32\SHCORE.dll
0x00007fffcbe10000 - 0x00007fffcbe6e000 	C:\WINDOWS\System32\shlwapi.dll
0x00007fffc9630000 - 0x00007fffc9651000 	C:\WINDOWS\SYSTEM32\profapi.dll
0x00007fffc6f00000 - 0x00007fffc6f0c000 	C:\Program Files\Java\jdk-19\bin\dt_socket.dll
0x00007fffc8220000 - 0x00007fffc824d000 	C:\WINDOWS\SYSTEM32\IPHLPAPI.DLL
0x00007fffc8b70000 - 0x00007fffc8bd9000 	C:\WINDOWS\system32\mswsock.dll
0x00007fffa6000000 - 0x00007fffa6013000 	C:\Program Files\Java\jdk-19\bin\net.dll
0x00007fffbf100000 - 0x00007fffbf237000 	C:\WINDOWS\SYSTEM32\WINHTTP.dll
0x00007fffa5020000 - 0x00007fffa5036000 	C:\Program Files\Java\jdk-19\bin\nio.dll
0x00007fffbb490000 - 0x00007fffbb4a0000 	C:\Program Files\Java\jdk-19\bin\verify.dll
0x00007fffc8e90000 - 0x00007fffc8eab000 	C:\WINDOWS\SYSTEM32\CRYPTSP.dll
0x00007fffc8680000 - 0x00007fffc86b5000 	C:\WINDOWS\system32\rsaenh.dll
0x00007fffc8c10000 - 0x00007fffc8c38000 	C:\WINDOWS\SYSTEM32\USERENV.dll
0x00007fffc8fc0000 - 0x00007fffc8fe8000 	C:\WINDOWS\SYSTEM32\bcrypt.dll
0x00007fffc8e70000 - 0x00007fffc8e7c000 	C:\WINDOWS\SYSTEM32\CRYPTBASE.dll
0x00007fffcbe00000 - 0x00007fffcbe09000 	C:\WINDOWS\System32\NSI.dll
0x00007fffbe670000 - 0x00007fffbe689000 	C:\WINDOWS\SYSTEM32\dhcpcsvc6.DLL
0x00007fffbe5f0000 - 0x00007fffbe60f000 	C:\WINDOWS\SYSTEM32\dhcpcsvc.DLL
0x00007fffc8250000 - 0x00007fffc8343000 	C:\WINDOWS\SYSTEM32\DNSAPI.dll
0x00007fffc6d70000 - 0x00007fffc6d7e000 	C:\Program Files\Java\jdk-19\bin\sunmscapi.dll
0x00007fffc9f70000 - 0x00007fffca0d6000 	C:\WINDOWS\System32\CRYPT32.dll
0x00007fffc8f90000 - 0x00007fffc8fbe000 	C:\WINDOWS\SYSTEM32\ncrypt.dll
0x00007fffc8f50000 - 0x00007fffc8f87000 	C:\WINDOWS\SYSTEM32\NTASN1.dll
0x00007fffc6770000 - 0x00007fffc677a000 	C:\Program Files\Java\jdk-19\bin\management.dll
0x00007fffc66c0000 - 0x00007fffc66cb000 	C:\Program Files\Java\jdk-19\bin\management_ext.dll
0x00007fffcb230000 - 0x00007fffcb238000 	C:\WINDOWS\System32\PSAPI.DLL
0x00007fffbe5e0000 - 0x00007fffbe5ea000 	C:\Windows\System32\rasadhlp.dll
0x00007fffbe390000 - 0x00007fffbe413000 	C:\WINDOWS\System32\fwpuclnt.dll
0x00007fffa6ae0000 - 0x00007fffa6ae8000 	C:\Program Files\Java\jdk-19\bin\extnet.dll
0x00007fffb7bc0000 - 0x00007fffb7bc8000 	C:\WINDOWS\system32\wshunix.dll

dbghelp: loaded successfully - version: 4.0.5 - missing functions: none
symbol engine: initialized successfully - sym options: 0x614 - pdb path: .;C:\Program Files\Java\jdk-19\bin;C:\WINDOWS\SYSTEM32;C:\WINDOWS\WinSxS\amd64_microsoft.windows.common-controls_6595b64144ccf1df_6.0.23451.1000_none_eb02a5e418fa443a;C:\Program Files\Java\jdk-19\bin\server

VM Arguments:
jvm_args: -agentlib:jdwp=transport=dt_socket,address=127.0.0.1:58577,suspend=y,server=n -javaagent:C:\Users\Hamzic\AppData\Local\JetBrains\IdeaIC2023.1\captureAgent\debugger-agent.jar=file:/C:/Users/Hamzic/AppData/Local/Temp/capture.props -Dfile.encoding=UTF-8 -Dsun.stdout.encoding=UTF-8 -Dsun.stderr.encoding=UTF-8 
java_command: com.cloudkeep.CloudKeep.CloudKeepApplication
java_class_path (initial): D:\Ensar\projects\cloudkeep\backend\target\classes;C:\Users\Hamzic\.m2\repository\org\springframework\boot\spring-boot-starter-data-jpa\3.0.4\spring-boot-starter-data-jpa-3.0.4.jar;C:\Users\Hamzic\.m2\repository\org\springframework\boot\spring-boot-starter-aop\3.0.4\spring-boot-starter-aop-3.0.4.jar;C:\Users\Hamzic\.m2\repository\org\aspectj\aspectjweaver\1.9.19\aspectjweaver-1.9.19.jar;C:\Users\Hamzic\.m2\repository\org\springframework\boot\spring-boot-starter-jdbc\3.0.4\spring-boot-starter-jdbc-3.0.4.jar;C:\Users\Hamzic\.m2\repository\com\zaxxer\HikariCP\5.0.1\HikariCP-5.0.1.jar;C:\Users\Hamzic\.m2\repository\org\springframework\spring-jdbc\6.0.6\spring-jdbc-6.0.6.jar;C:\Users\Hamzic\.m2\repository\org\hibernate\orm\hibernate-core\6.1.7.Final\hibernate-core-6.1.7.Final.jar;C:\Users\Hamzic\.m2\repository\jakarta\persistence\jakarta.persistence-api\3.1.0\jakarta.persistence-api-3.1.0.jar;C:\Users\Hamzic\.m2\repository\jakarta\transaction\jakarta.transaction-api\2.0.1\jakarta.transaction-api-2.0.1.jar;C:\Users\Hamzic\.m2\repository\org\jboss\logging\jboss-logging\3.5.0.Final\jboss-logging-3.5.0.Final.jar;C:\Users\Hamzic\.m2\repository\org\hibernate\common\hibernate-commons-annotations\6.0.6.Final\hibernate-commons-annotations-6.0.6.Final.jar;C:\Users\Hamzic\.m2\repository\org\jboss\jandex\2.4.2.Final\jandex-2.4.2.Final.jar;C:\Users\Hamzic\.m2\repository\com\fasterxml\classmate\1.5.1\classmate-1.5.1.jar;C:\Users\Hamzic\.m2\repository\net\bytebuddy\byte-buddy\1.12.23\byte-buddy-1.12.23.jar;C:\Users\Hamzic\.m2\repository\org\glassfish\jaxb\jaxb-runtime\4.0.2\jaxb-runtime-4.0.2.jar;C:\Users\Hamzic\.m2\repository\org\glassfish\jaxb\jaxb-core\4.0.2\jaxb-core-4.0.2.jar;C:\Users\Hamzic\.m2\repository\org\eclipse\angus\angus-activation\2.0.0\angus-activation-2.0.0.jar;C:\Users\Hamzic\.m2\repository\org\glassfish\jaxb\txw2\4.0.2\txw2-4.0.2.jar;C:\Users\Hamzic\.m2\repository\com\sun\istack\istack-commons-runtime\4.1.1\istack-commons-runtime-4.1.1.jar;C:\Users\Hamzic\.m2\repository\jakarta\inject\jakarta.inject-api\2.0.0\jakarta.inject-api-2.0.0.jar;C:\Users\Hamzic\.m2\repository\org\antlr\antlr4-runtime\4.10.1\antlr4-runtime-4.10.1.jar;C:\Users\Hamzic\.m2\repository\org\springframework\data\spring-data-jpa\3.0.3\spring-data-jpa-3.0.3.jar;C:\Users\Hamzic\.m2\repository\org\springframework\data\spring-data-commons\3.0.3\spring-data-commons-3.0.3.jar;C:\Users\Hamzic\.m2\repository\org\springframework\spring-orm\6.0.6\spring-orm-6.0.6.jar;C:\Users\Hamzic\.m2\repository\org\springframework\spring-context\6.0.6\spring-context-6.0.6.jar;C:\Users\Hamzic\.m2\repository\org\springframework\spring-tx\6.0.6\spring-tx-6.0.6.jar;C:\Users\Hamzic\.m2\repository\org\springframework\spring-beans\6.0.6\spring-beans-6.0.6.jar;C:\Users\Hamzic\.m2\repository\jakarta\annotation\jakarta.annotation-api\2.1.1\jakarta.annotation-api-2.1.1.jar;C:\Users\Hamzic\.m2\repository\org\springframework\spring-aspects\6.0.6\spring-aspects-6.0.6.jar;C:\Users\Hamzic\.m2\repository\org\springframework\boot\spring-boot-starter-security\3.0.4\spring-boot-starter-security-3.0.4.jar;C:\Users\Hamzic\.m2\repository\org\springframework\boot\spring-boot-starter\3.0.4\spring-boot-starter-3.0.4.jar;C:\Users\Hamzic\.m2\repository\org\springframework\boot\spring-boot\3.0.4\spring-boot-3.0.4.jar;C:\Users\Hamzic\.m2\repository\org\springframework\boot\spring-boot-autoconfigure\3.0.4\spring-boot-autoconfigure-3.0.4.jar;C:\Users\Hamzic\.m2\repository\org\springframework\boot\spring-boot-starter-logging\3.0.4\spring-boot-starter-logging-3.0.4.jar;C:\Users\Hamzic\.m2\repository\ch\qos\logback\logback-classic\1.4.5\logback-classic-1.4.5.jar;C:\Users\Hamzic\.m2\repository\ch\qos\logback\logback-core\1.4.5\logback-core-1.4.5.jar;C:\Users\Hamzic\.m2\repository\org\apache\logging\log4j\log4j-to-slf4j\2.19.0\log4j-to-slf4j-2.19.0.jar;C:\Users\Hamzic\.m2\repository\org\apache\logging\log4j\log4j-api\2.19.0\log4j-api-2.19.0.jar;C:\Users\Hamzic\.m2\repository\org\slf4j\jul-to-slf4j\2.0.6\jul-to-slf4j-2.0.6.jar;C:\Users\Hamzic\.m2\repository\org\yaml\snakeyaml\1.33\snakeyaml-1.33.jar;C:\Users\Hamzic\.m2\repository\org\springframework\spring-aop\6.0.6\spring-aop-6.0.6.jar;C:\Users\Hamzic\.m2\repository\org\springframework\security\spring-security-config\6.0.2\spring-security-config-6.0.2.jar;C:\Users\Hamzic\.m2\repository\org\springframework\security\spring-security-web\6.0.2\spring-security-web-6.0.2.jar;C:\Users\Hamzic\.m2\repository\org\springframework\spring-expression\6.0.6\spring-expression-6.0.6.jar;C:\Users\Hamzic\.m2\repository\org\springframework\boot\spring-boot-starter-web\3.0.4\spring-boot-starter-web-3.0.4.jar;C:\Users\Hamzic\.m2\repository\org\springframework\boot\spring-boot-starter-json\3.0.4\spring-boot-starter-json-3.0.4.jar;C:\Users\Hamzic\.m2\repository\com\fasterxml\jackson\datatype\jackson-datatype-jdk8\2.14.2\jackson-datatype-jdk8-2.14.2.jar;C:\Users\Hamzic\.m2\repository\com\fasterxml\jackson\datatype\jackson-datatype-jsr310\2.14.2\jackson-datatype-jsr310-2.14.2.jar;C:\Users\Hamzic\.m2\repository\com\fasterxml\jackson\module\jackson-module-parameter-names\2.14.2\jackson-module-parameter-names-2.14.2.jar;C:\Users\Hamzic\.m2\repository\org\springframework\boot\spring-boot-starter-tomcat\3.0.4\spring-boot-starter-tomcat-3.0.4.jar;C:\Users\Hamzic\.m2\repository\org\apache\tomcat\embed\tomcat-embed-core\10.1.5\tomcat-embed-core-10.1.5.jar;C:\Users\Hamzic\.m2\repository\org\apache\tomcat\embed\tomcat-embed-websocket\10.1.5\tomcat-embed-websocket-10.1.5.jar;C:\Users\Hamzic\.m2\repository\org\springframework\spring-web\6.0.6\spring-web-6.0.6.jar;C:\Users\Hamzic\.m2\repository\io\micrometer\micrometer-observation\1.10.4\micrometer-observation-1.10.4.jar;C:\Users\Hamzic\.m2\repository\io\micrometer\micrometer-commons\1.10.4\micrometer-commons-1.10.4.jar;C:\Users\Hamzic\.m2\repository\org\springframework\spring-webmvc\6.0.6\spring-webmvc-6.0.6.jar;C:\Users\Hamzic\.m2\repository\org\postgresql\postgresql\42.5.4\postgresql-42.5.4.jar;C:\Users\Hamzic\.m2\repository\org\checkerframework\checker-qual\3.5.0\checker-qual-3.5.0.jar;C:\Users\Hamzic\.m2\repository\org\projectlombok\lombok\1.18.26\lombok-1.18.26.jar;C:\Users\Hamzic\.m2\repository\jakarta\xml\bind\jakarta.xml.bind-api\4.0.0\jakarta.xml.bind-api-4.0.0.jar;C:\Users\Hamzic\.m2\repository\jakarta\activation\jakarta.activation-api\2.1.1\jakarta.activation-api-2.1.1.jar;C:\Users\Hamzic\.m2\repository\org\springframework\spring-core\6.0.6\spring-core-6.0.6.jar;C:\Users\Hamzic\.m2\repository\org\springframework\spring-jcl\6.0.6\spring-jcl-6.0.6.jar;C:\Users\Hamzic\.m2\repository\org\springframework\security\spring-security-core\6.0.2\spring-security-core-6.0.2.jar;C:\Users\Hamzic\.m2\repository\org\springframework\security\spring-security-crypto\6.0.2\spring-security-crypto-6.0.2.jar;C:\Users\Hamzic\.m2\repository\io\jsonwebtoken\jjwt-api\0.11.5\jjwt-api-0.11.5.jar;C:\Users\Hamzic\.m2\repository\io\jsonwebtoken\jjwt-impl\0.11.5\jjwt-impl-0.11.5.jar;C:\Users\Hamzic\.m2\repository\io\jsonwebtoken\jjwt-jackson\0.11.5\jjwt-jackson-0.11.5.jar;C:\Users\Hamzic\.m2\repository\com\fasterxml\jackson\core\jackson-databind\2.14.2\jackson-databind-2.14.2.jar;C:\Users\Hamzic\.m2\repository\com\fasterxml\jackson\core\jackson-annotations\2.14.2\jackson-annotations-2.14.2.jar;C:\Users\Hamzic\.m2\repository\com\fasterxml\jackson\core\jackson-core\2.14.2\jackson-core-2.14.2.jar;C:\Users\Hamzic\.m2\repository\com\mailjet\mailjet-client\5.2.2\mailjet-client-5.2.2.jar;C:\Users\Hamzic\.m2\repository\com\squareup\okhttp3\okhttp\4.10.0\okhttp-4.10.0.jar;C:\Users\Hamzic\.m2\repository\com\squareup\okio\okio-jvm\3.0.0\okio-jvm-3.0.0.jar;C:\Users\Hamzic\.m2\repository\org\jetbrains\kotlin\kotlin-stdlib-jdk8\1.7.22\kotlin-stdlib-jdk8-1.7.22.jar;C:\Users\Hamzic\.m2\repository\org\jetbrains\kotlin\kotlin-stdlib-jdk7\1.7.22\kotlin-stdlib-jdk7-1.7.22.jar;C:\Users\Hamzic\.m2\repository\org\jetbrains\kotlin\kotlin-stdlib-common\1.7.22\kotlin-stdlib-common-1.7.22.jar;C:\Users\Hamzic\.m2\repository\org\jetbrains\kotlin\kotlin-stdlib\1.7.22\kotlin-stdlib-1.7.22.jar;C:\Users\Hamzic\.m2\repository\org\jetbrains\annotations\13.0\annotations-13.0.jar;C:\Users\Hamzic\.m2\repository\org\json\json\20220320\json-20220320.jar;C:\Users\Hamzic\.m2\repository\com\google\code\gson\gson\2.9.1\gson-2.9.1.jar;C:\Users\Hamzic\.m2\repository\org\springframework\boot\spring-boot-starter-validation\3.0.4\spring-boot-starter-validation-3.0.4.jar;C:\Users\Hamzic\.m2\repository\org\apache\tomcat\embed\tomcat-embed-el\10.1.5\tomcat-embed-el-10.1.5.jar;C:\Users\Hamzic\.m2\repository\org\hibernate\validator\hibernate-validator\8.0.0.Final\hibernate-validator-8.0.0.Final.jar;C:\Users\Hamzic\.m2\repository\jakarta\validation\jakarta.validation-api\3.0.2\jakarta.validation-api-3.0.2.jar;C:\Users\Hamzic\.m2\repository\com\cloudinary\cloudinary-taglib\1.9.1\cloudinary-taglib-1.9.1.jar;C:\Users\Hamzic\.m2\repository\com\cloudinary\cloudinary-core\1.9.1\cloudinary-core-1.9.1.jar;C:\Users\Hamzic\.m2\repository\org\apache\commons\commons-lang3\3.12.0\commons-lang3-3.12.0.jar;C:\Users\Hamzic\.m2\repository\com\cloudinary\cloudinary-http42\1.9.1\cloudinary-http42-1.9.1.jar;C:\Users\Hamzic\.m2\repository\org\apache\httpcomponents\httpclient\4.5.14\httpclient-4.5.14.jar;C:\Users\Hamzic\.m2\repository\commons-codec\commons-codec\1.15\commons-codec-1.15.jar;C:\Users\Hamzic\.m2\repository\org\apache\httpcomponents\httpcore\4.4.16\httpcore-4.4.16.jar;C:\Users\Hamzic\.m2\repository\org\apache\httpcomponents\httpmime\4.5.14\httpmime-4.5.14.jar;C:\Users\Hamzic\.m2\repository\commons-io\commons-io\2.11.0\commons-io-2.11.0.jar;C:\Users\Hamzic\.m2\repository\commons-fileupload\commons-fileupload\1.5\commons-fileupload-1.5.jar;C:\Users\Hamzic\.m2\repository\com\google\firebase\firebase-admin\6.14.0\firebase-admin-6.14.0.jar;C:\Users\Hamzic\.m2\repository\com\google\api-client\google-api-client\1.30.9\google-api-client-1.30.9.jar;C:\Users\Hamzic\.m2\repository\com\google\oauth-client\google-oauth-client\1.30.5\google-oauth-client-1.30.5.jar;C:\Users\Hamzic\.m2\repository\com\google\http-client\google-http-client-jackson2\1.34.2\google-http-client-jackson2-1.34.2.jar;C:\Users\Hamzic\.m2\repository\com\google\api-client\google-api-client-gson\1.30.9\google-api-client-gson-1.30.9.jar;C:\Users\Hamzic\.m2\repository\com\google\http-client\google-http-client-gson\1.34.2\google-http-client-gson-1.34.2.jar;C:\Users\Hamzic\.m2\repository\com\google\http-client\google-http-client\1.35.0\google-http-client-1.35.0.jar;C:\Users\Hamzic\.m2\repository\com\google\code\findbugs\jsr305\3.0.2\jsr305-3.0.2.jar;C:\Users\Hamzic\.m2\repository\com\google\j2objc\j2objc-annotations\1.3\j2objc-annotations-1.3.jar;C:\Users\Hamzic\.m2\repository\io\opencensus\opencensus-api\0.24.0\opencensus-api-0.24.0.jar;C:\Users\Hamzic\.m2\repository\io\opencensus\opencensus-contrib-http-util\0.24.0\opencensus-contrib-http-util-0.24.0.jar;C:\Users\Hamzic\.m2\repository\com\google\api\api-common\1.9.2\api-common-1.9.2.jar;C:\Users\Hamzic\.m2\repository\javax\annotation\javax.annotation-api\1.3.2\javax.annotation-api-1.3.2.jar;C:\Users\Hamzic\.m2\repository\com\google\auto\value\auto-value-annotations\1.7.2\auto-value-annotations-1.7.2.jar;C:\Users\Hamzic\.m2\repository\com\google\auth\google-auth-library-oauth2-http\0.20.0\google-auth-library-oauth2-http-0.20.0.jar;C:\Users\Hamzic\.m2\repository\com\google\auth\google-auth-library-credentials\0.20.0\google-auth-library-credentials-0.20.0.jar;C:\Users\Hamzic\.m2\repository\com\google\cloud\google-cloud-storage\1.108.0\google-cloud-storage-1.108.0.jar;C:\Users\Hamzic\.m2\repository\com\google\apis\google-api-services-storage\v1-rev20200326-1.30.9\google-api-services-storage-v1-rev20200326-1.30.9.jar;C:\Users\Hamzic\.m2\repository\com\google\cloud\google-cloud-core\1.93.4\google-cloud-core-1.93.4.jar;C:\Users\Hamzic\.m2\repository\com\google\cloud\google-cloud-core-http\1.93.4\google-cloud-core-http-1.93.4.jar;C:\Users\Hamzic\.m2\repository\com\google\http-client\google-http-client-appengine\1.34.2\google-http-client-appengine-1.34.2.jar;C:\Users\Hamzic\.m2\repository\com\google\api\gax-httpjson\0.73.0\gax-httpjson-0.73.0.jar;C:\Users\Hamzic\.m2\repository\com\google\api\gax\1.56.0\gax-1.56.0.jar;C:\Users\Hamzic\.m2\repository\com\google\api\grpc\proto-google-iam-v1\0.13.0\proto-google-iam-v1-0.13.0.jar;C:\Users\Hamzic\.m2\repository\com\google\protobuf\protobuf-java\3.11.4\protobuf-java-3.11.4.jar;C:\Users\Hamzic\.m2\repository\com\google\protobuf\protobuf-java-util\3.11.4\protobuf-java-util-3.11.4.jar;C:\Users\Hamzic\.m2\repository\org\threeten\threetenbp\1.4.4\threetenbp-1.4.4.jar;C:\Users\Hamzic\.m2\repository\com\google\cloud\google-cloud-firestore\1.34.0\google-cloud-firestore-1.34.0.jar;C:\Users\Hamzic\.m2\repository\com\google\cloud\google-cloud-core-grpc\1.93.5\google-cloud-core-grpc-1.93.5.jar;C:\Users\Hamzic\.m2\repository\io\grpc\grpc-core\1.29.0\grpc-core-1.29.0.jar;C:\Users\Hamzic\.m2\repository\com\google\android\annotations\4.1.1.4\annotations-4.1.1.4.jar;C:\Users\Hamzic\.m2\repository\io\perfmark\perfmark-api\0.19.0\perfmark-api-0.19.0.jar;C:\Users\Hamzic\.m2\repository\commons-logging\commons-logging\1.2\commons-logging-1.2.jar;C:\Users\Hamzic\.m2\repository\com\google\api\grpc\proto-google-cloud-firestore-admin-v1\1.34.0\proto-google-cloud-firestore-admin-v1-1.34.0.jar;C:\Users\Hamzic\.m2\repository\com\google\api\grpc\proto-google-cloud-firestore-v1\1.34.0\proto-google-cloud-firestore-v1-1.34.0.jar;C:\Users\Hamzic\.m2\repository\com\google\api\grpc\proto-google-cloud-firestore-v1beta1\0.87.0\proto-google-cloud-firestore-v1beta1-0.87.0.jar;C:\Users\Hamzic\.m2\repository\io\opencensus\opencensus-contrib-grpc-util\0.24.0\opencensus-contrib-grpc-util-0.24.0.jar;C:\Users\Hamzic\.m2\repository\io\grpc\grpc-protobuf\1.29.0\grpc-protobuf-1.29.0.jar;C:\Users\Hamzic\.m2\repository\io\grpc\grpc-protobuf-lite\1.29.0\grpc-protobuf-lite-1.29.0.jar;C:\Users\Hamzic\.m2\repository\io\grpc\grpc-context\1.29.0\grpc-context-1.29.0.jar;C:\Users\Hamzic\.m2\repository\com\google\api\grpc\proto-google-common-protos\1.18.0\proto-google-common-protos-1.18.0.jar;C:\Users\Hamzic\.m2\repository\io\grpc\grpc-api\1.29.0\grpc-api-1.29.0.jar;C:\Users\Hamzic\.m2\repository\com\google\errorprone\error_prone_annotations\2.3.4\error_prone_annotations-2.3.4.jar;C:\Users\Hamzic\.m2\repository\org\codehaus\mojo\animal-sniffer-annotations\1.18\animal-sniffer-annotations-1.18.jar;C:\Users\Hamzic\.m2\repository\com\google\api\gax-grpc\1.56.0\gax-grpc-1.56.0.jar;C:\Users\Hamzic\.m2\repository\io\grpc\grpc-auth\1.29.0\grpc-auth-1.29.0.jar;C:\Users\Hamzic\.m2\repository\io\grpc\grpc-netty-shaded\1.29.0\grpc-netty-shaded-1.29.0.jar;C:\Users\Hamzic\.m2\repository\io\grpc\grpc-alts\1.29.0\grpc-alts-1.29.0.jar;C:\Users\Hamzic\.m2\repository\io\grpc\grpc-grpclb\1.29.0\grpc-grpclb-1.29.0.jar;C:\Users\Hamzic\.m2\repository\org\conscrypt\conscrypt-openjdk-uber\2.2.1\conscrypt-openjdk-uber-2.2.1.jar;C:\Users\Hamzic\.m2\repository\com\google\guava\failureaccess\1.0.1\failureaccess-1.0.1.jar;C:\Users\Hamzic\.m2\repository\com\google\guava\listenablefuture\9999.0-empty-to-avoid-conflict-with-guava\listenablefuture-9999.0-empty-to-avoid-conflict-with-guava.jar;C:\Users\Hamzic\.m2\repository\org\checkerframework\checker-compat-qual\2.5.5\checker-compat-qual-2.5.5.jar;C:\Users\Hamzic\.m2\repository\io\grpc\grpc-stub\1.29.0\grpc-stub-1.29.0.jar;C:\Users\Hamzic\.m2\repository\com\google\guava\guava\26.0-android\guava-26.0-android.jar;C:\Users\Hamzic\.m2\repository\org\slf4j\slf4j-api\2.0.6\slf4j-api-2.0.6.jar;C:\Users\Hamzic\.m2\repository\io\netty\netty-codec-http\4.1.89.Final\netty-codec-http-4.1.89.Final.jar;C:\Users\Hamzic\.m2\repository\io\netty\netty-common\4.1.89.Final\netty-common-4.1.89.Final.jar;C:\Users\Hamzic\.m2\repository\io\netty\netty-buffer\4.1.89.Final\netty-buffer-4.1.89.Final.jar;C:\Users\Hamzic\.m2\repository\io\netty\netty-codec\4.1.89.Final\netty-codec-4.1.89.Final.jar;C:\Users\Hamzic\.m2\repository\io\netty\netty-handler\4.1.89.Final\netty-handler-4.1.89.Final.jar;C:\Users\Hamzic\.m2\repository\io\netty\netty-resolver\4.1.89.Final\netty-resolver-4.1.89.Final.jar;C:\Users\Hamzic\.m2\repository\io\netty\netty-transport-native-unix-common\4.1.89.Final\netty-transport-native-unix-common-4.1.89.Final.jar;C:\Users\Hamzic\.m2\repository\io\netty\netty-transport\4.1.89.Final\netty-transport-4.1.89.Final.jar;C:\Program Files\JetBrains\IntelliJ IDEA Community Edition 2022.3.2\lib\idea_rt.jar
Launcher Type: SUN_STANDARD

[Global flags]
     intx CICompilerCount                          = 3                                         {product} {ergonomic}
     uint ConcGCThreads                            = 1                                         {product} {ergonomic}
     uint G1ConcRefinementThreads                  = 4                                         {product} {ergonomic}
   size_t G1HeapRegionSize                         = 2097152                                   {product} {ergonomic}
    uintx GCDrainStackTargetSize                   = 64                                        {product} {ergonomic}
   size_t InitialHeapSize                          = 234881024                                 {product} {ergonomic}
   size_t MarkStackSize                            = 4194304                                   {product} {ergonomic}
   size_t MaxHeapSize                              = 3741319168                                {product} {ergonomic}
   size_t MaxNewSize                               = 2243952640                                {product} {ergonomic}
   size_t MinHeapDeltaBytes                        = 2097152                                   {product} {ergonomic}
   size_t MinHeapSize                              = 8388608                                   {product} {ergonomic}
    uintx NonNMethodCodeHeapSize                   = 5832780                                {pd product} {ergonomic}
    uintx NonProfiledCodeHeapSize                  = 122912730                              {pd product} {ergonomic}
    uintx ProfiledCodeHeapSize                     = 122912730                              {pd product} {ergonomic}
    uintx ReservedCodeCacheSize                    = 251658240                              {pd product} {ergonomic}
     bool SegmentedCodeCache                       = true                                      {product} {ergonomic}
   size_t SoftMaxHeapSize                          = 3741319168                             {manageable} {ergonomic}
     bool UseCompressedClassPointers               = true                           {product lp64_product} {ergonomic}
     bool UseCompressedOops                        = true                           {product lp64_product} {ergonomic}
     bool UseG1GC                                  = true                                      {product} {ergonomic}
     bool UseLargePagesIndividualAllocation        = false                                  {pd product} {ergonomic}

Logging:
Log output configuration:
 #0: stdout all=warning uptime,level,tags foldmultilines=false
 #1: stderr all=off uptime,level,tags foldmultilines=false

Environment Variables:
PATH=C:\Program Files\Common Files\Oracle\Java\javapath;C:\Program Files (x86)\Common Files\Oracle\Java\javapath;C:\ProgramData\Oracle\Java\javapath;C:\Windows\system32;C:\Windows;C:\Windows\System32\Wbem;C:\Windows\System32\WindowsPowerShell\v1.0\;C:\Windows\System32\OpenSSH\;C:\Program Files\Git\cmd;C:\Program Files\dotnet\;C:\Program Files\Microsoft SQL Server\150\Tools\Binn\;C:\Program Files\Microsoft SQL Server\Client SDK\ODBC\170\Tools\Binn\;C:\Program Files (x86)\Microsoft SQL Server\150\Tools\Binn\;C:\Program Files\Microsoft SQL Server\150\DTS\Binn\;C:\Program Files\Azure Data Studio\bin;C:\WINDOWS\system32;C:\WINDOWS;C:\WINDOWS\System32\Wbem;C:\WINDOWS\System32\WindowsPowerShell\v1.0\;C:\WINDOWS\System32\OpenSSH\;C:\Program Files\nodejs\;C:\ProgramData\Oracle\Java\javapath;C:\Windows\system32;C:\Windows;C:\Windows\System32\Wbem;C:\Windows\System32\WindowsPowerShell\v1.0\;C:\Windows\System32\OpenSSH\;C:\Program Files\Git\cmd;C:\Program Files\nodejs\;C:\Program Files\dotnet\;C:\Users\Hamzic\AppData\Local\Microsoft\WindowsApps;C:\Users\Hamzic\AppData\Local\Programs\Microsoft VS Code\bin;C:\Users\Hamzic\AppData\Local\Programs\Python\Python310\Scripts;C:\Users\Hamzic\.dotnet\tools;C:\Program Files\MySQL\MySQL Server 8.0\bin;C:\Users\Hamzic\Downloads\chromedriver_win32;C:\Users\Hamzic\Downloads\geckodriver-v0.31.0-win64;C:\Program Files\Azure Data Studio\bin;C:\Users\Hamzic\AppData\Local\Packages\PythonSoftwareFoundation.Python.3.10_qbz5n2kfra8p0\LocalCache\local-packages\Python310\Scripts;C:\MinGW\bin;C:\xampp\php;C:\Users\Hamzic\AppData\Roaming\Composer\vendor\bin;;C:\Users\Hamzic\AppData\Local\Microsoft\WindowsApps;C:\Program Files\JetBrains\IntelliJ IDEA Community Edition 2022.3.2\bin;;C:\Users\Hamzic\AppData\Roaming\npm
USERNAME=Hamzic
TMPDIR=C:\Users\Public\Documents\Wondershare\CreatorTemp
OS=Windows_NT
PROCESSOR_IDENTIFIER=AMD64 Family 23 Model 24 Stepping 1, AuthenticAMD
TMP=C:\Users\Hamzic\AppData\Local\Temp
TEMP=C:\Users\Hamzic\AppData\Local\Temp



---------------  S Y S T E M  ---------------

OS:
 Windows 11 , 64 bit Build 23451 (10.0.23451.1000)
OS uptime: 2 days 4:37 hours
Hyper-V role detected

CPU: total 4 (initial active 4) (4 cores per cpu, 1 threads per core) family 23 model 24 stepping 1 microcode 0x0, cx8, cmov, fxsr, mmx, 3dnowpref, sse, sse2, sse3, ssse3, sse4a, sse4.1, sse4.2, popcnt, lzcnt, tsc, tscinvbit, avx, avx2, aes, clmul, bmi1, bmi2, adx, sha, fma, vzeroupper, clflush, clflushopt, hv, rdtscp

Memory: 4k page, system-wide physical 14266M (1557M free)
TotalPageFile size 16945M (AvailPageFile size 3M)
current process WorkingSet (physical memory assigned to process): 258M, peak: 354M
current process commit charge ("private bytes"): 290M, peak: 386M

vm_info: Java HotSpot(TM) 64-Bit Server VM (19.0.2+7-44) for windows-amd64 JRE (19.0.2+7-44), built on 2022-11-30T18:02:09Z by "mach5one" with MS VC++ 17.1 (VS2022)

END.
